1546650252760	mozrunner::runner	INFO	Running command: "/Applications/Firefox.app/Contents/MacOS/firefox-bin" "-marionette" "-foreground" "-no-remote" "-profile" "/var/folders/2d/wlvb6qx52432yy1q0pvbnxhm0000gn/T/rust_mozprofile.ac4dVJPRGh6T"
1546650253297	addons.webextension.screenshots@mozilla.org	WARN	Loading extension 'screenshots@mozilla.org': Reading manifest: Invalid host permission: resource://pdf.js/
1546650253297	addons.webextension.screenshots@mozilla.org	WARN	Loading extension 'screenshots@mozilla.org': Reading manifest: Invalid host permission: about:reader*
Can't find symbol 'GetGraphicsResetStatus'.
1546650254669	Marionette	INFO	Listening on port 57420
1546650254733	Marionette	WARN	TLS certificate errors will be ignored for this session
JavaScript warning: https://www.googletagmanager.com/gtag/js?id=DC-4599367, line 87: unreachable code after return statement
JavaScript warning: https://www.googletagmanager.com/gtag/js?id=DC-4599367, line 147: unreachable code after return statement
JavaScript warning: https://www.googletagmanager.com/gtag/js?id=DC-4599367, line 147: unreachable code after return statement
JavaScript warning: https://www.googletagmanager.com/gtag/js?id=DC-4599367, line 147: unreachable code after return statement
JavaScript warning: https://www.googletagmanager.com/gtag/js?id=DC-4599367, line 87: unreachable code after return statement
JavaScript warning: https://www.googletagmanager.com/gtag/js?id=DC-4599367, line 147: unreachable code after return statement
JavaScript warning: https://mathid.mathtag.com/d/i.js, line 1: unreachable code after return statement
JavaScript warning: https://mathid.mathtag.com/d/i.js, line 1: unreachable code after return statement
1546650273206	mozrunner::runner	INFO	Running command: "/Applications/Firefox.app/Contents/MacOS/firefox-bin" "-marionette" "-foreground" "-no-remote" "-profile" "/var/folders/2d/wlvb6qx52432yy1q0pvbnxhm0000gn/T/rust_mozprofile.d0LeLQbXJai0"
1546650273660	addons.webextension.screenshots@mozilla.org	WARN	Loading extension 'screenshots@mozilla.org': Reading manifest: Invalid host permission: resource://pdf.js/
1546650273660	addons.webextension.screenshots@mozilla.org	WARN	Loading extension 'screenshots@mozilla.org': Reading manifest: Invalid host permission: about:reader*
Can't find symbol 'GetGraphicsResetStatus'.
1546650274978	Marionette	INFO	Listening on port 57672
1546650275078	Marionette	WARN	TLS certificate errors will be ignored for this session
JavaScript warning: https://www.googletagmanager.com/gtag/js?id=DC-4599367, line 87: unreachable code after return statement
JavaScript warning: https://www.googletagmanager.com/gtag/js?id=DC-4599367, line 147: unreachable code after return statement
JavaScript warning: https://www.googletagmanager.com/gtag/js?id=DC-4599367, line 147: unreachable code after return statement
JavaScript warning: https://www.googletagmanager.com/gtag/js?id=DC-4599367, line 147: unreachable code after return statement
JavaScript warning: https://www.googletagmanager.com/gtag/js?id=DC-4599367, line 87: unreachable code after return statement
JavaScript warning: https://www.googletagmanager.com/gtag/js?id=DC-4599367, line 147: unreachable code after return statement
JavaScript warning: https://mathid.mathtag.com/d/i.js, line 1: unreachable code after return statement
JavaScript warning: https://mathid.mathtag.com/d/i.js, line 1: unreachable code after return statement
1546650369476	mozrunner::runner	INFO	Running command: "/Applications/Firefox.app/Contents/MacOS/firefox-bin" "-marionette" "-foreground" "-no-remote" "-profile" "/var/folders/2d/wlvb6qx52432yy1q0pvbnxhm0000gn/T/rust_mozprofile.42819tVc3a8A"
1546650369975	addons.webextension.screenshots@mozilla.org	WARN	Loading extension 'screenshots@mozilla.org': Reading manifest: Invalid host permission: resource://pdf.js/
1546650369975	addons.webextension.screenshots@mozilla.org	WARN	Loading extension 'screenshots@mozilla.org': Reading manifest: Invalid host permission: about:reader*
Can't find symbol 'GetGraphicsResetStatus'.
1546650371424	Marionette	INFO	Listening on port 58278
1546650371447	Marionette	WARN	TLS certificate errors will be ignored for this session
1546650382992	mozrunner::runner	INFO	Running command: "/Applications/Firefox.app/Contents/MacOS/firefox-bin" "-marionette" "-foreground" "-no-remote" "-profile" "/var/folders/2d/wlvb6qx52432yy1q0pvbnxhm0000gn/T/rust_mozprofile.3GDonAMQQS5F"
1546650383505	addons.webextension.screenshots@mozilla.org	WARN	Loading extension 'screenshots@mozilla.org': Reading manifest: Invalid host permission: resource://pdf.js/
1546650383505	addons.webextension.screenshots@mozilla.org	WARN	Loading extension 'screenshots@mozilla.org': Reading manifest: Invalid host permission: about:reader*
Can't find symbol 'GetGraphicsResetStatus'.
1546650384833	Marionette	INFO	Listening on port 58386
1546650384874	Marionette	WARN	TLS certificate errors will be ignored for this session
JavaScript warning: https://www.googletagmanager.com/gtag/js?id=DC-4599367, line 87: unreachable code after return statement
JavaScript warning: https://www.googletagmanager.com/gtag/js?id=DC-4599367, line 147: unreachable code after return statement
JavaScript warning: https://www.googletagmanager.com/gtag/js?id=DC-4599367, line 147: unreachable code after return statement
JavaScript warning: https://www.googletagmanager.com/gtag/js?id=DC-4599367, line 147: unreachable code after return statement
JavaScript warning: https://www.googletagmanager.com/gtag/js?id=DC-4599367, line 87: unreachable code after return statement
JavaScript warning: https://www.googletagmanager.com/gtag/js?id=DC-4599367, line 147: unreachable code after return statement
JavaScript warning: https://mathid.mathtag.com/d/i.js, line 1: unreachable code after return statement
JavaScript warning: https://mathid.mathtag.com/d/i.js, line 1: unreachable code after return statement
1546650401155	mozrunner::runner	INFO	Running command: "/Applications/Firefox.app/Contents/MacOS/firefox-bin" "-marionette" "-foreground" "-no-remote" "-profile" "/var/folders/2d/wlvb6qx52432yy1q0pvbnxhm0000gn/T/rust_mozprofile.3O0jZ4GtZXMh"
1546650401752	addons.webextension.screenshots@mozilla.org	WARN	Loading extension 'screenshots@mozilla.org': Reading manifest: Invalid host permission: resource://pdf.js/
1546650401752	addons.webextension.screenshots@mozilla.org	WARN	Loading extension 'screenshots@mozilla.org': Reading manifest: Invalid host permission: about:reader*
Can't find symbol 'GetGraphicsResetStatus'.
1546650403104	Marionette	INFO	Listening on port 58630
1546650403139	Marionette	WARN	TLS certificate errors will be ignored for this session
JavaScript warning: https://www.googletagmanager.com/gtag/js?id=DC-4599367, line 87: unreachable code after return statement
JavaScript warning: https://www.googletagmanager.com/gtag/js?id=DC-4599367, line 147: unreachable code after return statement
JavaScript warning: https://www.googletagmanager.com/gtag/js?id=DC-4599367, line 147: unreachable code after return statement
JavaScript warning: https://www.googletagmanager.com/gtag/js?id=DC-4599367, line 147: unreachable code after return statement
JavaScript warning: https://www.googletagmanager.com/gtag/js?id=DC-4599367, line 87: unreachable code after return statement
JavaScript warning: https://www.googletagmanager.com/gtag/js?id=DC-4599367, line 147: unreachable code after return statement
JavaScript warning: https://mathid.mathtag.com/d/i.js, line 1: unreachable code after return statement
JavaScript warning: https://mathid.mathtag.com/d/i.js, line 1: unreachable code after return statement
1546650809065	mozrunner::runner	INFO	Running command: "/Applications/Firefox.app/Contents/MacOS/firefox-bin" "-marionette" "-foreground" "-no-remote" "-profile" "/var/folders/2d/wlvb6qx52432yy1q0pvbnxhm0000gn/T/rust_mozprofile.OWljR6H2EwKh"
1546650809657	addons.webextension.screenshots@mozilla.org	WARN	Loading extension 'screenshots@mozilla.org': Reading manifest: Invalid host permission: resource://pdf.js/
1546650809657	addons.webextension.screenshots@mozilla.org	WARN	Loading extension 'screenshots@mozilla.org': Reading manifest: Invalid host permission: about:reader*
Can't find symbol 'GetGraphicsResetStatus'.
1546650811107	Marionette	INFO	Listening on port 60534
1546650811136	Marionette	WARN	TLS certificate errors will be ignored for this session

###!!! [Parent][DispatchAsyncMessage] Error: PClientSourceOp::Msg___delete__ Route error: message sent to unknown actor ID

JavaScript warning: https://mathid.mathtag.com/d/i.js, line 1: unreachable code after return statement
JavaScript warning: https://mathid.mathtag.com/d/i.js, line 1: unreachable code after return statement
JavaScript warning: https://www.googletagmanager.com/gtag/js?id=DC-4599367, line 87: unreachable code after return statement
JavaScript warning: https://www.googletagmanager.com/gtag/js?id=DC-4599367, line 147: unreachable code after return statement
JavaScript warning: https://www.googletagmanager.com/gtag/js?id=DC-4599367, line 147: unreachable code after return statement
JavaScript warning: https://www.googletagmanager.com/gtag/js?id=DC-4599367, line 147: unreachable code after return statement
JavaScript warning: https://www.googletagmanager.com/gtag/js?id=DC-4599367, line 87: unreachable code after return statement
JavaScript warning: https://www.googletagmanager.com/gtag/js?id=DC-4599367, line 147: unreachable code after return statement
console.error: BroadcastService: 
  receivedBroadcastMessage: handler for
  remote-settings/monitor_changes
  threw error:
  Message: Error: Polling for changes failed: NetworkError when attempting to fetch resource..
  Stack:
    remoteSettingsFunction/remoteSettings.pollChanges@resource://services-settings/remote-settings.js:750:13

console.error: BroadcastService: 
  receivedBroadcastMessage: handler for
  remote-settings/monitor_changes
  threw error:
  Message: Error: Polling for changes failed: NetworkError when attempting to fetch resource..
  Stack:
    remoteSettingsFunction/remoteSettings.pollChanges@resource://services-settings/remote-settings.js:750:13

1546650879070	mozrunner::runner	INFO	Running command: "/Applications/Firefox.app/Contents/MacOS/firefox-bin" "-marionette" "-foreground" "-no-remote" "-profile" "/var/folders/2d/wlvb6qx52432yy1q0pvbnxhm0000gn/T/rust_mozprofile.ImOnQlnDadC8"
1546650879669	addons.webextension.screenshots@mozilla.org	WARN	Loading extension 'screenshots@mozilla.org': Reading manifest: Invalid host permission: resource://pdf.js/
1546650879669	addons.webextension.screenshots@mozilla.org	WARN	Loading extension 'screenshots@mozilla.org': Reading manifest: Invalid host permission: about:reader*
Can't find symbol 'GetGraphicsResetStatus'.
1546650881097	Marionette	INFO	Listening on port 60999
1546650881146	Marionette	WARN	TLS certificate errors will be ignored for this session
JavaScript warning: https://www.googletagmanager.com/gtag/js?id=DC-4599367, line 87: unreachable code after return statement
JavaScript warning: https://www.googletagmanager.com/gtag/js?id=DC-4599367, line 147: unreachable code after return statement
JavaScript warning: https://www.googletagmanager.com/gtag/js?id=DC-4599367, line 147: unreachable code after return statement
JavaScript warning: https://www.googletagmanager.com/gtag/js?id=DC-4599367, line 147: unreachable code after return statement
JavaScript warning: https://www.googletagmanager.com/gtag/js?id=DC-4599367, line 87: unreachable code after return statement
JavaScript warning: https://www.googletagmanager.com/gtag/js?id=DC-4599367, line 147: unreachable code after return statement
JavaScript warning: https://mathid.mathtag.com/d/i.js, line 1: unreachable code after return statement
JavaScript warning: https://mathid.mathtag.com/d/i.js, line 1: unreachable code after return statement
console.error: BroadcastService: 
  receivedBroadcastMessage: handler for
  remote-settings/monitor_changes
  threw error:
  Message: Error: Polling for changes failed: NetworkError when attempting to fetch resource..
  Stack:
    remoteSettingsFunction/remoteSettings.pollChanges@resource://services-settings/remote-settings.js:750:13

console.error: BroadcastService: 
  receivedBroadcastMessage: handler for
  remote-settings/monitor_changes
  threw error:
  Message: Error: Polling for changes failed: NetworkError when attempting to fetch resource..
  Stack:
    remoteSettingsFunction/remoteSettings.pollChanges@resource://services-settings/remote-settings.js:750:13

console.error: BroadcastService: 
console.error: BroadcastService: 
  receivedBroadcastMessage: handler for
  remote-settings/monitor_changes
  threw error:
  receivedBroadcastMessage: handler for
  Message: Error: Polling for changes failed: NetworkError when attempting to fetch resource..
  Stack:
    remoteSettingsFunction/remoteSettings.pollChanges@resource://services-settings/remote-settings.js:750:13

  remote-settings/monitor_changes
  threw error:
  Message: Error: Polling for changes failed: NetworkError when attempting to fetch resource..
  Stack:
    remoteSettingsFunction/remoteSettings.pollChanges@resource://services-settings/remote-settings.js:750:13

console.error: BroadcastService: 
  receivedBroadcastMessage: handler for
  remote-settings/monitor_changes
  threw error:
  Message: Error: Polling for changes failed: NetworkError when attempting to fetch resource..
  Stack:
    remoteSettingsFunction/remoteSettings.pollChanges@resource://services-settings/remote-settings.js:750:13

1546650956311	mozrunner::runner	INFO	Running command: "/Applications/Firefox.app/Contents/MacOS/firefox-bin" "-marionette" "-foreground" "-no-remote" "-profile" "/var/folders/2d/wlvb6qx52432yy1q0pvbnxhm0000gn/T/rust_mozprofile.T0KY3oWWA9aO"
1546650956926	addons.webextension.screenshots@mozilla.org	WARN	Loading extension 'screenshots@mozilla.org': Reading manifest: Invalid host permission: resource://pdf.js/
1546650956926	addons.webextension.screenshots@mozilla.org	WARN	Loading extension 'screenshots@mozilla.org': Reading manifest: Invalid host permission: about:reader*
Can't find symbol 'GetGraphicsResetStatus'.
1546650958477	Marionette	INFO	Listening on port 61512
1546650958501	Marionette	WARN	TLS certificate errors will be ignored for this session
JavaScript warning: https://www.googletagmanager.com/gtag/js?id=DC-4599367, line 87: unreachable code after return statement
JavaScript warning: https://www.googletagmanager.com/gtag/js?id=DC-4599367, line 147: unreachable code after return statement
JavaScript warning: https://www.googletagmanager.com/gtag/js?id=DC-4599367, line 147: unreachable code after return statement
JavaScript warning: https://www.googletagmanager.com/gtag/js?id=DC-4599367, line 147: unreachable code after return statement
JavaScript warning: https://www.googletagmanager.com/gtag/js?id=DC-4599367, line 87: unreachable code after return statement
JavaScript warning: https://www.googletagmanager.com/gtag/js?id=DC-4599367, line 147: unreachable code after return statement
1546650977489	Marionette	INFO	Stopped listening on port 61512
1546650981483	Marionette	INFO	Stopped listening on port 60534
1546650984196	Marionette	INFO	Stopped listening on port 58630
1546650987051	Marionette	INFO	Stopped listening on port 57420
Can't find symbol 'GetGraphicsResetStatus'.
1546650989581	Marionette	INFO	Stopped listening on port 58278
1546650991856	Marionette	INFO	Stopped listening on port 58386
1546650993620	Marionette	INFO	Stopped listening on port 60999
1546650995384	Marionette	INFO	Stopped listening on port 57672
1546651073073	mozrunner::runner	INFO	Running command: "/Applications/Firefox.app/Contents/MacOS/firefox-bin" "-marionette" "-foreground" "-no-remote" "-profile" "/var/folders/2d/wlvb6qx52432yy1q0pvbnxhm0000gn/T/rust_mozprofile.PSA7N2vVaNnA"
1546651073585	addons.webextension.screenshots@mozilla.org	WARN	Loading extension 'screenshots@mozilla.org': Reading manifest: Invalid host permission: resource://pdf.js/
1546651073585	addons.webextension.screenshots@mozilla.org	WARN	Loading extension 'screenshots@mozilla.org': Reading manifest: Invalid host permission: about:reader*
Can't find symbol 'GetGraphicsResetStatus'.
1546651074973	Marionette	INFO	Listening on port 62175
1546651075039	Marionette	WARN	TLS certificate errors will be ignored for this session
JavaScript warning: https://www.googletagmanager.com/gtag/js?id=DC-4599367, line 87: unreachable code after return statement
JavaScript warning: https://www.googletagmanager.com/gtag/js?id=DC-4599367, line 147: unreachable code after return statement
JavaScript warning: https://www.googletagmanager.com/gtag/js?id=DC-4599367, line 147: unreachable code after return statement
JavaScript warning: https://www.googletagmanager.com/gtag/js?id=DC-4599367, line 147: unreachable code after return statement
JavaScript warning: https://www.googletagmanager.com/gtag/js?id=DC-4599367, line 87: unreachable code after return statement
JavaScript warning: https://www.googletagmanager.com/gtag/js?id=DC-4599367, line 147: unreachable code after return statement
1546651162331	mozrunner::runner	INFO	Running command: "/Applications/Firefox.app/Contents/MacOS/firefox-bin" "-marionette" "-foreground" "-no-remote" "-profile" "/var/folders/2d/wlvb6qx52432yy1q0pvbnxhm0000gn/T/rust_mozprofile.n1mEdgFjedgK"
1546651162794	addons.webextension.screenshots@mozilla.org	WARN	Loading extension 'screenshots@mozilla.org': Reading manifest: Invalid host permission: resource://pdf.js/
1546651162794	addons.webextension.screenshots@mozilla.org	WARN	Loading extension 'screenshots@mozilla.org': Reading manifest: Invalid host permission: about:reader*
Can't find symbol 'GetGraphicsResetStatus'.
1546651164178	Marionette	INFO	Listening on port 62745
1546651164192	Marionette	WARN	TLS certificate errors will be ignored for this session
JavaScript warning: https://www.googletagmanager.com/gtag/js?id=DC-4599367, line 87: unreachable code after return statement
JavaScript warning: https://www.googletagmanager.com/gtag/js?id=DC-4599367, line 147: unreachable code after return statement
JavaScript warning: https://www.googletagmanager.com/gtag/js?id=DC-4599367, line 147: unreachable code after return statement
JavaScript warning: https://www.googletagmanager.com/gtag/js?id=DC-4599367, line 147: unreachable code after return statement
JavaScript warning: https://www.googletagmanager.com/gtag/js?id=DC-4599367, line 87: unreachable code after return statement
JavaScript warning: https://www.googletagmanager.com/gtag/js?id=DC-4599367, line 147: unreachable code after return statement
1546651225174	mozrunner::runner	INFO	Running command: "/Applications/Firefox.app/Contents/MacOS/firefox-bin" "-marionette" "-foreground" "-no-remote" "-profile" "/var/folders/2d/wlvb6qx52432yy1q0pvbnxhm0000gn/T/rust_mozprofile.Z87Xq5tphuY1"
1546651225640	addons.webextension.screenshots@mozilla.org	WARN	Loading extension 'screenshots@mozilla.org': Reading manifest: Invalid host permission: resource://pdf.js/
1546651225641	addons.webextension.screenshots@mozilla.org	WARN	Loading extension 'screenshots@mozilla.org': Reading manifest: Invalid host permission: about:reader*
Can't find symbol 'GetGraphicsResetStatus'.
1546651226941	Marionette	INFO	Listening on port 63176
1546651227033	Marionette	WARN	TLS certificate errors will be ignored for this session
JavaScript warning: https://www.googletagmanager.com/gtag/js?id=DC-4599367, line 87: unreachable code after return statement
JavaScript warning: https://www.googletagmanager.com/gtag/js?id=DC-4599367, line 147: unreachable code after return statement
JavaScript warning: https://www.googletagmanager.com/gtag/js?id=DC-4599367, line 147: unreachable code after return statement
JavaScript warning: https://www.googletagmanager.com/gtag/js?id=DC-4599367, line 147: unreachable code after return statement
JavaScript warning: https://www.googletagmanager.com/gtag/js?id=DC-4599367, line 87: unreachable code after return statement
JavaScript warning: https://www.googletagmanager.com/gtag/js?id=DC-4599367, line 147: unreachable code after return statement
JavaScript warning: https://mathid.mathtag.com/d/i.js, line 1: unreachable code after return statement
JavaScript warning: https://mathid.mathtag.com/d/i.js, line 1: unreachable code after return statement
1546651272048	mozrunner::runner	INFO	Running command: "/Applications/Firefox.app/Contents/MacOS/firefox-bin" "-marionette" "-foreground" "-no-remote" "-profile" "/var/folders/2d/wlvb6qx52432yy1q0pvbnxhm0000gn/T/rust_mozprofile.yy7qAFZkTPrE"
1546651272551	addons.webextension.screenshots@mozilla.org	WARN	Loading extension 'screenshots@mozilla.org': Reading manifest: Invalid host permission: resource://pdf.js/
1546651272552	addons.webextension.screenshots@mozilla.org	WARN	Loading extension 'screenshots@mozilla.org': Reading manifest: Invalid host permission: about:reader*
Can't find symbol 'GetGraphicsResetStatus'.
1546651274029	Marionette	INFO	Listening on port 63556
1546651274115	Marionette	WARN	TLS certificate errors will be ignored for this session
JavaScript warning: https://www.googletagmanager.com/gtag/js?id=DC-4599367, line 87: unreachable code after return statement
JavaScript warning: https://www.googletagmanager.com/gtag/js?id=DC-4599367, line 147: unreachable code after return statement
JavaScript warning: https://www.googletagmanager.com/gtag/js?id=DC-4599367, line 147: unreachable code after return statement
JavaScript warning: https://www.googletagmanager.com/gtag/js?id=DC-4599367, line 147: unreachable code after return statement
JavaScript warning: https://www.googletagmanager.com/gtag/js?id=DC-4599367, line 87: unreachable code after return statement
JavaScript warning: https://www.googletagmanager.com/gtag/js?id=DC-4599367, line 147: unreachable code after return statement
JavaScript warning: https://mathid.mathtag.com/d/i.js, line 1: unreachable code after return statement
JavaScript warning: https://mathid.mathtag.com/d/i.js, line 1: unreachable code after return statement
JavaScript error: resource://gre/modules/WebProgressChild.jsm, line 58: TypeError: this.mm.content is null

###!!! [Child][RunMessage] Error: Channel closing: too late to send/recv, messages will be lost


###!!! [Child][RunMessage] Error: Channel closing: too late to send/recv, messages will be lost

1546651301219	Marionette	INFO	Stopped listening on port 63556
1546651302738	Marionette	INFO	Stopped listening on port 63176
1546651304801	Marionette	INFO	Stopped listening on port 62745
1546651306252	Marionette	INFO	Stopped listening on port 62175
1546651350723	mozrunner::runner	INFO	Running command: "/Applications/Firefox.app/Contents/MacOS/firefox-bin" "-marionette" "-foreground" "-no-remote" "-profile" "/var/folders/2d/wlvb6qx52432yy1q0pvbnxhm0000gn/T/rust_mozprofile.xjltmCz7Js9g"
1546651351257	addons.webextension.screenshots@mozilla.org	WARN	Loading extension 'screenshots@mozilla.org': Reading manifest: Invalid host permission: resource://pdf.js/
1546651351257	addons.webextension.screenshots@mozilla.org	WARN	Loading extension 'screenshots@mozilla.org': Reading manifest: Invalid host permission: about:reader*
Can't find symbol 'GetGraphicsResetStatus'.
1546651352673	Marionette	INFO	Listening on port 64065
1546651352691	Marionette	WARN	TLS certificate errors will be ignored for this session
JavaScript warning: https://www.googletagmanager.com/gtag/js?id=DC-4599367, line 87: unreachable code after return statement
JavaScript warning: https://www.googletagmanager.com/gtag/js?id=DC-4599367, line 147: unreachable code after return statement
JavaScript warning: https://www.googletagmanager.com/gtag/js?id=DC-4599367, line 147: unreachable code after return statement
JavaScript warning: https://www.googletagmanager.com/gtag/js?id=DC-4599367, line 147: unreachable code after return statement
JavaScript warning: https://www.googletagmanager.com/gtag/js?id=DC-4599367, line 87: unreachable code after return statement
JavaScript warning: https://www.googletagmanager.com/gtag/js?id=DC-4599367, line 147: unreachable code after return statement
1546651452855	mozrunner::runner	INFO	Running command: "/Applications/Firefox.app/Contents/MacOS/firefox-bin" "-marionette" "-foreground" "-no-remote" "-profile" "/var/folders/2d/wlvb6qx52432yy1q0pvbnxhm0000gn/T/rust_mozprofile.kMyZ3IYtb6gq"
1546651453362	addons.webextension.screenshots@mozilla.org	WARN	Loading extension 'screenshots@mozilla.org': Reading manifest: Invalid host permission: resource://pdf.js/
1546651453363	addons.webextension.screenshots@mozilla.org	WARN	Loading extension 'screenshots@mozilla.org': Reading manifest: Invalid host permission: about:reader*
Can't find symbol 'GetGraphicsResetStatus'.
1546651454725	Marionette	INFO	Listening on port 64663
1546651454825	Marionette	WARN	TLS certificate errors will be ignored for this session
JavaScript warning: https://www.googletagmanager.com/gtag/js?id=DC-4599367, line 87: unreachable code after return statement
JavaScript warning: https://www.googletagmanager.com/gtag/js?id=DC-4599367, line 147: unreachable code after return statement
JavaScript warning: https://www.googletagmanager.com/gtag/js?id=DC-4599367, line 147: unreachable code after return statement
JavaScript warning: https://www.googletagmanager.com/gtag/js?id=DC-4599367, line 147: unreachable code after return statement
JavaScript warning: https://www.googletagmanager.com/gtag/js?id=DC-4599367, line 87: unreachable code after return statement
JavaScript warning: https://www.googletagmanager.com/gtag/js?id=DC-4599367, line 147: unreachable code after return statement
1546651540979	mozrunner::runner	INFO	Running command: "/Applications/Firefox.app/Contents/MacOS/firefox-bin" "-marionette" "-foreground" "-no-remote" "-profile" "/var/folders/2d/wlvb6qx52432yy1q0pvbnxhm0000gn/T/rust_mozprofile.xngaz4mwVkQs"
1546651541467	addons.webextension.screenshots@mozilla.org	WARN	Loading extension 'screenshots@mozilla.org': Reading manifest: Invalid host permission: resource://pdf.js/
1546651541468	addons.webextension.screenshots@mozilla.org	WARN	Loading extension 'screenshots@mozilla.org': Reading manifest: Invalid host permission: about:reader*
Can't find symbol 'GetGraphicsResetStatus'.
1546651542886	Marionette	INFO	Listening on port 65208
1546651542948	Marionette	WARN	TLS certificate errors will be ignored for this session
JavaScript warning: https://www.googletagmanager.com/gtag/js?id=DC-4599367, line 87: unreachable code after return statement
JavaScript warning: https://www.googletagmanager.com/gtag/js?id=DC-4599367, line 147: unreachable code after return statement
JavaScript warning: https://www.googletagmanager.com/gtag/js?id=DC-4599367, line 147: unreachable code after return statement
JavaScript warning: https://www.googletagmanager.com/gtag/js?id=DC-4599367, line 147: unreachable code after return statement
JavaScript warning: https://www.googletagmanager.com/gtag/js?id=DC-4599367, line 87: unreachable code after return statement
JavaScript warning: https://www.googletagmanager.com/gtag/js?id=DC-4599367, line 147: unreachable code after return statement
JavaScript warning: https://mathid.mathtag.com/d/i.js, line 1: unreachable code after return statement
JavaScript warning: https://mathid.mathtag.com/d/i.js, line 1: unreachable code after return statement
1546651572036	mozrunner::runner	INFO	Running command: "/Applications/Firefox.app/Contents/MacOS/firefox-bin" "-marionette" "-foreground" "-no-remote" "-profile" "/var/folders/2d/wlvb6qx52432yy1q0pvbnxhm0000gn/T/rust_mozprofile.gDVNLM8QE6p6"
1546651572560	addons.webextension.screenshots@mozilla.org	WARN	Loading extension 'screenshots@mozilla.org': Reading manifest: Invalid host permission: resource://pdf.js/
1546651572560	addons.webextension.screenshots@mozilla.org	WARN	Loading extension 'screenshots@mozilla.org': Reading manifest: Invalid host permission: about:reader*
Can't find symbol 'GetGraphicsResetStatus'.
1546651573969	Marionette	INFO	Listening on port 65510
1546651574031	Marionette	WARN	TLS certificate errors will be ignored for this session
1546651600995	Marionette	INFO	Stopped listening on port 65208
1546651603795	Marionette	INFO	Stopped listening on port 65510
1546651605535	Marionette	INFO	Stopped listening on port 64663
1546651607372	Marionette	INFO	Stopped listening on port 64065
1546651924677	mozrunner::runner	INFO	Running command: "/Applications/Firefox.app/Contents/MacOS/firefox-bin" "-marionette" "-foreground" "-no-remote" "-profile" "/var/folders/2d/wlvb6qx52432yy1q0pvbnxhm0000gn/T/rust_mozprofile.N1zoA1tINLG3"
1546651925196	addons.webextension.screenshots@mozilla.org	WARN	Loading extension 'screenshots@mozilla.org': Reading manifest: Invalid host permission: resource://pdf.js/
1546651925196	addons.webextension.screenshots@mozilla.org	WARN	Loading extension 'screenshots@mozilla.org': Reading manifest: Invalid host permission: about:reader*
Can't find symbol 'GetGraphicsResetStatus'.
1546651926605	Marionette	INFO	Listening on port 50875
1546651926639	Marionette	WARN	TLS certificate errors will be ignored for this session
JavaScript warning: https://www.googletagmanager.com/gtag/js?id=DC-4599367, line 87: unreachable code after return statement
JavaScript warning: https://www.googletagmanager.com/gtag/js?id=DC-4599367, line 147: unreachable code after return statement
JavaScript warning: https://www.googletagmanager.com/gtag/js?id=DC-4599367, line 147: unreachable code after return statement
JavaScript warning: https://www.googletagmanager.com/gtag/js?id=DC-4599367, line 147: unreachable code after return statement
JavaScript warning: https://www.googletagmanager.com/gtag/js?id=DC-4599367, line 87: unreachable code after return statement
JavaScript warning: https://www.googletagmanager.com/gtag/js?id=DC-4599367, line 147: unreachable code after return statement
JavaScript warning: https://mathid.mathtag.com/d/i.js, line 1: unreachable code after return statement
JavaScript warning: https://mathid.mathtag.com/d/i.js, line 1: unreachable code after return statement
1546651955077	mozrunner::runner	INFO	Running command: "/Applications/Firefox.app/Contents/MacOS/firefox-bin" "-marionette" "-foreground" "-no-remote" "-profile" "/var/folders/2d/wlvb6qx52432yy1q0pvbnxhm0000gn/T/rust_mozprofile.9mjzvg0l39mB"
1546651955593	addons.webextension.screenshots@mozilla.org	WARN	Loading extension 'screenshots@mozilla.org': Reading manifest: Invalid host permission: resource://pdf.js/
1546651955594	addons.webextension.screenshots@mozilla.org	WARN	Loading extension 'screenshots@mozilla.org': Reading manifest: Invalid host permission: about:reader*
Can't find symbol 'GetGraphicsResetStatus'.
1546651957033	Marionette	INFO	Listening on port 51172
1546651957044	Marionette	WARN	TLS certificate errors will be ignored for this session
JavaScript warning: https://www.googletagmanager.com/gtag/js?id=DC-4599367, line 87: unreachable code after return statement
JavaScript warning: https://www.googletagmanager.com/gtag/js?id=DC-4599367, line 147: unreachable code after return statement
JavaScript warning: https://www.googletagmanager.com/gtag/js?id=DC-4599367, line 147: unreachable code after return statement
JavaScript warning: https://www.googletagmanager.com/gtag/js?id=DC-4599367, line 147: unreachable code after return statement
JavaScript warning: https://www.googletagmanager.com/gtag/js?id=DC-4599367, line 87: unreachable code after return statement
JavaScript warning: https://www.googletagmanager.com/gtag/js?id=DC-4599367, line 147: unreachable code after return statement
JavaScript warning: https://mathid.mathtag.com/d/i.js, line 1: unreachable code after return statement
JavaScript warning: https://mathid.mathtag.com/d/i.js, line 1: unreachable code after return statement
1546652005475	mozrunner::runner	INFO	Running command: "/Applications/Firefox.app/Contents/MacOS/firefox-bin" "-marionette" "-foreground" "-no-remote" "-profile" "/var/folders/2d/wlvb6qx52432yy1q0pvbnxhm0000gn/T/rust_mozprofile.G9dBceZoOI23"
1546652006022	addons.webextension.screenshots@mozilla.org	WARN	Loading extension 'screenshots@mozilla.org': Reading manifest: Invalid host permission: resource://pdf.js/
1546652006022	addons.webextension.screenshots@mozilla.org	WARN	Loading extension 'screenshots@mozilla.org': Reading manifest: Invalid host permission: about:reader*
Can't find symbol 'GetGraphicsResetStatus'.
1546652007517	Marionette	INFO	Listening on port 51553
1546652007525	Marionette	WARN	TLS certificate errors will be ignored for this session
JavaScript warning: https://www.googletagmanager.com/gtag/js?id=DC-4599367, line 87: unreachable code after return statement
JavaScript warning: https://www.googletagmanager.com/gtag/js?id=DC-4599367, line 147: unreachable code after return statement
JavaScript warning: https://www.googletagmanager.com/gtag/js?id=DC-4599367, line 147: unreachable code after return statement
JavaScript warning: https://www.googletagmanager.com/gtag/js?id=DC-4599367, line 147: unreachable code after return statement
JavaScript warning: https://www.googletagmanager.com/gtag/js?id=DC-4599367, line 87: unreachable code after return statement
JavaScript warning: https://www.googletagmanager.com/gtag/js?id=DC-4599367, line 147: unreachable code after return statement
1546652030424	mozrunner::runner	INFO	Running command: "/Applications/Firefox.app/Contents/MacOS/firefox-bin" "-marionette" "-foreground" "-no-remote" "-profile" "/var/folders/2d/wlvb6qx52432yy1q0pvbnxhm0000gn/T/rust_mozprofile.OodLSJkGerWG"
1546652030974	addons.webextension.screenshots@mozilla.org	WARN	Loading extension 'screenshots@mozilla.org': Reading manifest: Invalid host permission: resource://pdf.js/
1546652030975	addons.webextension.screenshots@mozilla.org	WARN	Loading extension 'screenshots@mozilla.org': Reading manifest: Invalid host permission: about:reader*
Can't find symbol 'GetGraphicsResetStatus'.
1546652032450	Marionette	INFO	Listening on port 51832
1546652032500	Marionette	WARN	TLS certificate errors will be ignored for this session
1546652145499	mozrunner::runner	INFO	Running command: "/Applications/Firefox.app/Contents/MacOS/firefox-bin" "-marionette" "-foreground" "-no-remote" "-profile" "/var/folders/2d/wlvb6qx52432yy1q0pvbnxhm0000gn/T/rust_mozprofile.YcC3AZkbtyey"
1546652146025	addons.webextension.screenshots@mozilla.org	WARN	Loading extension 'screenshots@mozilla.org': Reading manifest: Invalid host permission: resource://pdf.js/
1546652146025	addons.webextension.screenshots@mozilla.org	WARN	Loading extension 'screenshots@mozilla.org': Reading manifest: Invalid host permission: about:reader*
Can't find symbol 'GetGraphicsResetStatus'.
1546652147477	Marionette	INFO	Listening on port 52397
1546652147572	Marionette	WARN	TLS certificate errors will be ignored for this session
JavaScript warning: https://mathid.mathtag.com/d/i.js, line 1: unreachable code after return statement
JavaScript warning: https://mathid.mathtag.com/d/i.js, line 1: unreachable code after return statement
JavaScript warning: https://www.googletagmanager.com/gtag/js?id=DC-4599367, line 87: unreachable code after return statement
JavaScript warning: https://www.googletagmanager.com/gtag/js?id=DC-4599367, line 147: unreachable code after return statement
JavaScript warning: https://www.googletagmanager.com/gtag/js?id=DC-4599367, line 147: unreachable code after return statement
JavaScript warning: https://www.googletagmanager.com/gtag/js?id=DC-4599367, line 147: unreachable code after return statement
JavaScript warning: https://www.googletagmanager.com/gtag/js?id=DC-4599367, line 87: unreachable code after return statement
JavaScript warning: https://www.googletagmanager.com/gtag/js?id=DC-4599367, line 147: unreachable code after return statement
1546652451680	mozrunner::runner	INFO	Running command: "/Applications/Firefox.app/Contents/MacOS/firefox-bin" "-marionette" "-foreground" "-no-remote" "-profile" "/var/folders/2d/wlvb6qx52432yy1q0pvbnxhm0000gn/T/rust_mozprofile.RrcKZZoGMxDI"
1546652452293	addons.webextension.screenshots@mozilla.org	WARN	Loading extension 'screenshots@mozilla.org': Reading manifest: Invalid host permission: resource://pdf.js/
1546652452294	addons.webextension.screenshots@mozilla.org	WARN	Loading extension 'screenshots@mozilla.org': Reading manifest: Invalid host permission: about:reader*
Can't find symbol 'GetGraphicsResetStatus'.
1546652453822	Marionette	INFO	Listening on port 53991
1546652453853	Marionette	WARN	TLS certificate errors will be ignored for this session
1546652473535	mozrunner::runner	INFO	Running command: "/Applications/Firefox.app/Contents/MacOS/firefox-bin" "-marionette" "-foreground" "-no-remote" "-profile" "/var/folders/2d/wlvb6qx52432yy1q0pvbnxhm0000gn/T/rust_mozprofile.X7tHOONOcqlb"
1546652474075	addons.webextension.screenshots@mozilla.org	WARN	Loading extension 'screenshots@mozilla.org': Reading manifest: Invalid host permission: resource://pdf.js/
1546652474075	addons.webextension.screenshots@mozilla.org	WARN	Loading extension 'screenshots@mozilla.org': Reading manifest: Invalid host permission: about:reader*
JavaScript warning: https://www.googletagmanager.com/gtag/js?id=DC-4599367, line 87: unreachable code after return statement
JavaScript warning: https://www.googletagmanager.com/gtag/js?id=DC-4599367, line 147: unreachable code after return statement
JavaScript warning: https://www.googletagmanager.com/gtag/js?id=DC-4599367, line 147: unreachable code after return statement
JavaScript warning: https://www.googletagmanager.com/gtag/js?id=DC-4599367, line 147: unreachable code after return statement
JavaScript warning: https://www.googletagmanager.com/gtag/js?id=DC-4599367, line 87: unreachable code after return statement
JavaScript warning: https://www.googletagmanager.com/gtag/js?id=DC-4599367, line 147: unreachable code after return statement
JavaScript warning: https://mathid.mathtag.com/d/i.js, line 1: unreachable code after return statement
JavaScript warning: https://mathid.mathtag.com/d/i.js, line 1: unreachable code after return statement
Can't find symbol 'GetGraphicsResetStatus'.
1546652476023	Marionette	INFO	Listening on port 54177
1546652476123	Marionette	WARN	TLS certificate errors will be ignored for this session
JavaScript warning: https://www.googletagmanager.com/gtag/js?id=DC-4599367, line 87: unreachable code after return statement
JavaScript warning: https://www.googletagmanager.com/gtag/js?id=DC-4599367, line 147: unreachable code after return statement
JavaScript warning: https://www.googletagmanager.com/gtag/js?id=DC-4599367, line 147: unreachable code after return statement
JavaScript warning: https://www.googletagmanager.com/gtag/js?id=DC-4599367, line 147: unreachable code after return statement
JavaScript warning: https://www.googletagmanager.com/gtag/js?id=DC-4599367, line 87: unreachable code after return statement
JavaScript warning: https://www.googletagmanager.com/gtag/js?id=DC-4599367, line 147: unreachable code after return statement
JavaScript warning: https://mathid.mathtag.com/d/i.js, line 1: unreachable code after return statement
JavaScript warning: https://mathid.mathtag.com/d/i.js, line 1: unreachable code after return statement
1546652493907	mozrunner::runner	INFO	Running command: "/Applications/Firefox.app/Contents/MacOS/firefox-bin" "-marionette" "-foreground" "-no-remote" "-profile" "/var/folders/2d/wlvb6qx52432yy1q0pvbnxhm0000gn/T/rust_mozprofile.hDzUhafeui5m"
1546652494504	addons.webextension.screenshots@mozilla.org	WARN	Loading extension 'screenshots@mozilla.org': Reading manifest: Invalid host permission: resource://pdf.js/
1546652494504	addons.webextension.screenshots@mozilla.org	WARN	Loading extension 'screenshots@mozilla.org': Reading manifest: Invalid host permission: about:reader*
Can't find symbol 'GetGraphicsResetStatus'.
1546652495982	Marionette	INFO	Listening on port 54515
1546652496076	Marionette	WARN	TLS certificate errors will be ignored for this session
1546652510873	mozrunner::runner	INFO	Running command: "/Applications/Firefox.app/Contents/MacOS/firefox-bin" "-marionette" "-foreground" "-no-remote" "-profile" "/var/folders/2d/wlvb6qx52432yy1q0pvbnxhm0000gn/T/rust_mozprofile.nyFGUHNo6bp2"
JavaScript warning: https://www.googletagmanager.com/gtag/js?id=DC-4599367, line 87: unreachable code after return statement
JavaScript warning: https://www.googletagmanager.com/gtag/js?id=DC-4599367, line 147: unreachable code after return statement
JavaScript warning: https://www.googletagmanager.com/gtag/js?id=DC-4599367, line 147: unreachable code after return statement
JavaScript warning: https://www.googletagmanager.com/gtag/js?id=DC-4599367, line 147: unreachable code after return statement
JavaScript warning: https://www.googletagmanager.com/gtag/js?id=DC-4599367, line 87: unreachable code after return statement
JavaScript warning: https://www.googletagmanager.com/gtag/js?id=DC-4599367, line 147: unreachable code after return statement
1546652511611	addons.webextension.screenshots@mozilla.org	WARN	Loading extension 'screenshots@mozilla.org': Reading manifest: Invalid host permission: resource://pdf.js/
1546652511612	addons.webextension.screenshots@mozilla.org	WARN	Loading extension 'screenshots@mozilla.org': Reading manifest: Invalid host permission: about:reader*
Can't find symbol 'GetGraphicsResetStatus'.
1546652513268	Marionette	INFO	Listening on port 54706
1546652513351	Marionette	WARN	TLS certificate errors will be ignored for this session
JavaScript error: resource://gre/modules/WebProgressChild.jsm, line 58: TypeError: this.mm.content is null

###!!! [Child][RunMessage] Error: Channel closing: too late to send/recv, messages will be lost

JavaScript warning: https://www.googletagmanager.com/gtag/js?id=DC-4599367, line 87: unreachable code after return statement
JavaScript warning: https://www.googletagmanager.com/gtag/js?id=DC-4599367, line 147: unreachable code after return statement
JavaScript warning: https://www.googletagmanager.com/gtag/js?id=DC-4599367, line 147: unreachable code after return statement
JavaScript warning: https://www.googletagmanager.com/gtag/js?id=DC-4599367, line 147: unreachable code after return statement
JavaScript warning: https://www.googletagmanager.com/gtag/js?id=DC-4599367, line 87: unreachable code after return statement
JavaScript warning: https://www.googletagmanager.com/gtag/js?id=DC-4599367, line 147: unreachable code after return statement
JavaScript warning: https://mathid.mathtag.com/d/i.js, line 1: unreachable code after return statement
JavaScript warning: https://mathid.mathtag.com/d/i.js, line 1: unreachable code after return statement
1546652538580	mozrunner::runner	INFO	Running command: "/Applications/Firefox.app/Contents/MacOS/firefox-bin" "-marionette" "-foreground" "-no-remote" "-profile" "/var/folders/2d/wlvb6qx52432yy1q0pvbnxhm0000gn/T/rust_mozprofile.Pi6LW8FSnRT3"
1546652539142	addons.webextension.screenshots@mozilla.org	WARN	Loading extension 'screenshots@mozilla.org': Reading manifest: Invalid host permission: resource://pdf.js/
1546652539142	addons.webextension.screenshots@mozilla.org	WARN	Loading extension 'screenshots@mozilla.org': Reading manifest: Invalid host permission: about:reader*
Can't find symbol 'GetGraphicsResetStatus'.
1546652540575	Marionette	INFO	Listening on port 55066
1546652540642	Marionette	WARN	TLS certificate errors will be ignored for this session
JavaScript error: https://c.go-mpulse.net/boomerang/Y6WS5-W29Q5-F26W3-7N3TB-XKQFD, line 16: NS_ERROR_NOT_INITIALIZED: 
JavaScript warning: https://www.googletagmanager.com/gtag/js?id=DC-4599367, line 87: unreachable code after return statement
JavaScript warning: https://www.googletagmanager.com/gtag/js?id=DC-4599367, line 147: unreachable code after return statement
JavaScript warning: https://www.googletagmanager.com/gtag/js?id=DC-4599367, line 147: unreachable code after return statement
JavaScript warning: https://www.googletagmanager.com/gtag/js?id=DC-4599367, line 147: unreachable code after return statement
JavaScript warning: https://www.googletagmanager.com/gtag/js?id=DC-4599367, line 87: unreachable code after return statement
JavaScript warning: https://www.googletagmanager.com/gtag/js?id=DC-4599367, line 147: unreachable code after return statement
1546652562614	mozrunner::runner	INFO	Running command: "/Applications/Firefox.app/Contents/MacOS/firefox-bin" "-marionette" "-foreground" "-no-remote" "-profile" "/var/folders/2d/wlvb6qx52432yy1q0pvbnxhm0000gn/T/rust_mozprofile.Ti4imKkDGLLM"
1546652563209	addons.webextension.screenshots@mozilla.org	WARN	Loading extension 'screenshots@mozilla.org': Reading manifest: Invalid host permission: resource://pdf.js/
1546652563209	addons.webextension.screenshots@mozilla.org	WARN	Loading extension 'screenshots@mozilla.org': Reading manifest: Invalid host permission: about:reader*
Can't find symbol 'GetGraphicsResetStatus'.
1546652564729	Marionette	INFO	Listening on port 55337
1546652564798	Marionette	WARN	TLS certificate errors will be ignored for this session
JavaScript error: https://c.go-mpulse.net/boomerang/Y6WS5-W29Q5-F26W3-7N3TB-XKQFD, line 16: NS_ERROR_NOT_INITIALIZED: 
JavaScript warning: https://www.googletagmanager.com/gtag/js?id=DC-4599367, line 87: unreachable code after return statement
JavaScript warning: https://www.googletagmanager.com/gtag/js?id=DC-4599367, line 147: unreachable code after return statement
JavaScript warning: https://www.googletagmanager.com/gtag/js?id=DC-4599367, line 147: unreachable code after return statement
JavaScript warning: https://www.googletagmanager.com/gtag/js?id=DC-4599367, line 147: unreachable code after return statement
JavaScript warning: https://www.googletagmanager.com/gtag/js?id=DC-4599367, line 87: unreachable code after return statement
JavaScript warning: https://www.googletagmanager.com/gtag/js?id=DC-4599367, line 147: unreachable code after return statement
JavaScript warning: https://mathid.mathtag.com/d/i.js, line 1: unreachable code after return statement
JavaScript warning: https://mathid.mathtag.com/d/i.js, line 1: unreachable code after return statement
1546652584558	mozrunner::runner	INFO	Running command: "/Applications/Firefox.app/Contents/MacOS/firefox-bin" "-marionette" "-foreground" "-no-remote" "-profile" "/var/folders/2d/wlvb6qx52432yy1q0pvbnxhm0000gn/T/rust_mozprofile.wJg3HUDxCNTD"
1546652585207	addons.webextension.screenshots@mozilla.org	WARN	Loading extension 'screenshots@mozilla.org': Reading manifest: Invalid host permission: resource://pdf.js/
1546652585207	addons.webextension.screenshots@mozilla.org	WARN	Loading extension 'screenshots@mozilla.org': Reading manifest: Invalid host permission: about:reader*
Can't find symbol 'GetGraphicsResetStatus'.
1546652586873	Marionette	INFO	Listening on port 55570
1546652586943	Marionette	WARN	TLS certificate errors will be ignored for this session
JavaScript warning: https://www.googletagmanager.com/gtag/js?id=DC-4599367, line 87: unreachable code after return statement
JavaScript warning: https://www.googletagmanager.com/gtag/js?id=DC-4599367, line 147: unreachable code after return statement
JavaScript warning: https://www.googletagmanager.com/gtag/js?id=DC-4599367, line 147: unreachable code after return statement
JavaScript warning: https://www.googletagmanager.com/gtag/js?id=DC-4599367, line 147: unreachable code after return statement
JavaScript warning: https://www.googletagmanager.com/gtag/js?id=DC-4599367, line 87: unreachable code after return statement
JavaScript warning: https://www.googletagmanager.com/gtag/js?id=DC-4599367, line 147: unreachable code after return statement
1546652609126	mozrunner::runner	INFO	Running command: "/Applications/Firefox.app/Contents/MacOS/firefox-bin" "-marionette" "-foreground" "-no-remote" "-profile" "/var/folders/2d/wlvb6qx52432yy1q0pvbnxhm0000gn/T/rust_mozprofile.03kn83J3tk6x"
1546652609791	addons.webextension.screenshots@mozilla.org	WARN	Loading extension 'screenshots@mozilla.org': Reading manifest: Invalid host permission: resource://pdf.js/
1546652609792	addons.webextension.screenshots@mozilla.org	WARN	Loading extension 'screenshots@mozilla.org': Reading manifest: Invalid host permission: about:reader*
Can't find symbol 'GetGraphicsResetStatus'.
1546652611284	Marionette	INFO	Listening on port 55894
1546652611300	Marionette	WARN	TLS certificate errors will be ignored for this session
JavaScript warning: https://www.googletagmanager.com/gtag/js?id=DC-4599367, line 87: unreachable code after return statement
JavaScript warning: https://www.googletagmanager.com/gtag/js?id=DC-4599367, line 147: unreachable code after return statement
JavaScript warning: https://www.googletagmanager.com/gtag/js?id=DC-4599367, line 147: unreachable code after return statement
JavaScript warning: https://www.googletagmanager.com/gtag/js?id=DC-4599367, line 147: unreachable code after return statement
JavaScript warning: https://www.googletagmanager.com/gtag/js?id=DC-4599367, line 87: unreachable code after return statement
JavaScript warning: https://www.googletagmanager.com/gtag/js?id=DC-4599367, line 147: unreachable code after return statement
1546652638821	mozrunner::runner	INFO	Running command: "/Applications/Firefox.app/Contents/MacOS/firefox-bin" "-marionette" "-foreground" "-no-remote" "-profile" "/var/folders/2d/wlvb6qx52432yy1q0pvbnxhm0000gn/T/rust_mozprofile.eJDJJRBAuNOC"
1546652639457	addons.webextension.screenshots@mozilla.org	WARN	Loading extension 'screenshots@mozilla.org': Reading manifest: Invalid host permission: resource://pdf.js/
1546652639458	addons.webextension.screenshots@mozilla.org	WARN	Loading extension 'screenshots@mozilla.org': Reading manifest: Invalid host permission: about:reader*
Can't find symbol 'GetGraphicsResetStatus'.
1546652640977	Marionette	INFO	Listening on port 56204
1546652641004	Marionette	WARN	TLS certificate errors will be ignored for this session
1546652651505	mozrunner::runner	INFO	Running command: "/Applications/Firefox.app/Contents/MacOS/firefox-bin" "-marionette" "-foreground" "-no-remote" "-profile" "/var/folders/2d/wlvb6qx52432yy1q0pvbnxhm0000gn/T/rust_mozprofile.IDq9yvwnc67C"
1546652652112	addons.webextension.screenshots@mozilla.org	WARN	Loading extension 'screenshots@mozilla.org': Reading manifest: Invalid host permission: resource://pdf.js/
1546652652112	addons.webextension.screenshots@mozilla.org	WARN	Loading extension 'screenshots@mozilla.org': Reading manifest: Invalid host permission: about:reader*
Can't find symbol 'GetGraphicsResetStatus'.
JavaScript warning: https://www.googletagmanager.com/gtag/js?id=DC-4599367, line 87: unreachable code after return statement
JavaScript warning: https://www.googletagmanager.com/gtag/js?id=DC-4599367, line 147: unreachable code after return statement
JavaScript warning: https://www.googletagmanager.com/gtag/js?id=DC-4599367, line 147: unreachable code after return statement
JavaScript warning: https://www.googletagmanager.com/gtag/js?id=DC-4599367, line 147: unreachable code after return statement
JavaScript warning: https://www.googletagmanager.com/gtag/js?id=DC-4599367, line 87: unreachable code after return statement
JavaScript warning: https://www.googletagmanager.com/gtag/js?id=DC-4599367, line 147: unreachable code after return statement
JavaScript warning: https://mathid.mathtag.com/d/i.js, line 1: unreachable code after return statement
JavaScript warning: https://mathid.mathtag.com/d/i.js, line 1: unreachable code after return statement
1546652671611	mozrunner::runner	INFO	Running command: "/Applications/Firefox.app/Contents/MacOS/firefox-bin" "-marionette" "-foreground" "-no-remote" "-profile" "/var/folders/2d/wlvb6qx52432yy1q0pvbnxhm0000gn/T/rust_mozprofile.cqwJ5IifpWF9"
1546652672174	addons.webextension.screenshots@mozilla.org	WARN	Loading extension 'screenshots@mozilla.org': Reading manifest: Invalid host permission: resource://pdf.js/
1546652672174	addons.webextension.screenshots@mozilla.org	WARN	Loading extension 'screenshots@mozilla.org': Reading manifest: Invalid host permission: about:reader*
Can't find symbol 'GetGraphicsResetStatus'.
1546652673552	Marionette	INFO	Listening on port 56712
1546652673610	Marionette	WARN	TLS certificate errors will be ignored for this session
1546652691552	Marionette	INFO	Stopped listening on port 54177
1546652696372	Marionette	INFO	Stopped listening on port 54515
1546652697081	Marionette	INFO	Stopped listening on port 53991
1546652698376	Marionette	INFO	Stopped listening on port 51832
1546652700737	Marionette	INFO	Stopped listening on port 50875
1546652702338	Marionette	INFO	Stopped listening on port 51172
1546652703685	Marionette	INFO	Stopped listening on port 51553
1546652705368	Marionette	INFO	Stopped listening on port 52397
1546652706207	Marionette	INFO	Stopped listening on port 54706
1546652707447	Marionette	INFO	Stopped listening on port 55066
JavaScript warning: https://www.googletagmanager.com/gtag/js?id=DC-4599367, line 87: unreachable code after return statement
JavaScript warning: https://www.googletagmanager.com/gtag/js?id=DC-4599367, line 147: unreachable code after return statement
JavaScript warning: https://www.googletagmanager.com/gtag/js?id=DC-4599367, line 147: unreachable code after return statement
JavaScript warning: https://www.googletagmanager.com/gtag/js?id=DC-4599367, line 147: unreachable code after return statement
JavaScript warning: https://www.googletagmanager.com/gtag/js?id=DC-4599367, line 87: unreachable code after return statement
JavaScript warning: https://www.googletagmanager.com/gtag/js?id=DC-4599367, line 147: unreachable code after return statement
1546652708538	Marionette	INFO	Stopped listening on port 55337
1546652710349	Marionette	INFO	Stopped listening on port 55570
1546652710980	Marionette	INFO	Stopped listening on port 55894
1546652712307	Marionette	INFO	Stopped listening on port 56204
1546652717645	Marionette	INFO	Stopped listening on port 56712
1546652742856	mozrunner::runner	INFO	Running command: "/Applications/Firefox.app/Contents/MacOS/firefox-bin" "-marionette" "-foreground" "-no-remote" "-profile" "/var/folders/2d/wlvb6qx52432yy1q0pvbnxhm0000gn/T/rust_mozprofile.GAmmzK5bN453"
1546652743367	addons.webextension.screenshots@mozilla.org	WARN	Loading extension 'screenshots@mozilla.org': Reading manifest: Invalid host permission: resource://pdf.js/
1546652743368	addons.webextension.screenshots@mozilla.org	WARN	Loading extension 'screenshots@mozilla.org': Reading manifest: Invalid host permission: about:reader*
Can't find symbol 'GetGraphicsResetStatus'.
1546652744732	Marionette	INFO	Listening on port 57233
1546652744826	Marionette	WARN	TLS certificate errors will be ignored for this session
JavaScript warning: https://www.googletagmanager.com/gtag/js?id=DC-4599367, line 87: unreachable code after return statement
JavaScript warning: https://www.googletagmanager.com/gtag/js?id=DC-4599367, line 147: unreachable code after return statement
JavaScript warning: https://www.googletagmanager.com/gtag/js?id=DC-4599367, line 147: unreachable code after return statement
JavaScript warning: https://www.googletagmanager.com/gtag/js?id=DC-4599367, line 147: unreachable code after return statement
JavaScript warning: https://www.googletagmanager.com/gtag/js?id=DC-4599367, line 87: unreachable code after return statement
JavaScript warning: https://www.googletagmanager.com/gtag/js?id=DC-4599367, line 147: unreachable code after return statement
console.error: BroadcastService: 
  receivedBroadcastMessage: handler for
  remote-settings/monitor_changes
  threw error:
  Message: Error: Polling for changes failed: NetworkError when attempting to fetch resource..
  Stack:
    remoteSettingsFunction/remoteSettings.pollChanges@resource://services-settings/remote-settings.js:750:13

1546655007315	Marionette	INFO	Stopped listening on port 57233
